<?xml version="1.0" encoding="UTF-8"?>
<testsuite name="sudoku.TestSudoku" tests="6" skipped="0" failures="0" errors="0" timestamp="2021-03-06T21:56:42" hostname="diogenes" time="0.025">
  <properties/>
  <testcase name="testSimpleSolve()" classname="sudoku.TestSudoku" time="0.015"/>
  <testcase name="testIsUniqueArray()" classname="sudoku.TestSudoku" time="0.0"/>
  <testcase name="testGetDimension()" classname="sudoku.TestSudoku" time="0.001"/>
  <testcase name="testAssertIsWithinBounds()" classname="sudoku.TestSudoku" time="0.003"/>
  <testcase name="testGetBoxSize()" classname="sudoku.TestSudoku" time="0.0"/>
  <testcase name="testGetBox()" classname="sudoku.TestSudoku" time="0.001"/>
  <system-out><![CDATA[]]></system-out>
  <system-err><![CDATA[]]></system-err>
</testsuite>
